# JRE version: OpenJDK Runtime Environment (19.0.2+7) (build 19.0.2+7-44)
# Java VM: OpenJDK 64-Bit Server VM (19.0.2+7-44, mixed mode, sharing, tiered, compressed oops, compressed class ptrs, g1 gc, windows-amd64)
GC Precious Log:
 CardTable entry size: 512
 Card Set container configuration: InlinePtr #cards 5 size 8 Array Of Cards #cards 12 size 40 Howl #buckets 4 coarsen threshold 1843 Howl Bitmap #cards 512 size 80 coarsen threshold 460 Card regions per heap region 1 cards per card region 2048
 CPUs: 12 total, 12 available
 Memory: 16315M
 Large Page Support: Disabled
 NUMA Support: Disabled
 Compressed Oops: Enabled (32-bit)
 Heap Region Size: 1M
 Heap Min Capacity: 8M
 Heap Initial Capacity: 256M
 Heap Max Capacity: 2G
 Pre-touch: Disabled
 Parallel Workers: 10
 Concurrent Workers: 3
 Concurrent Refinement Workers: 10
 Periodic GC: Disabled
Heap:
 garbage-first heap   total 360448K, used 158379K [0x0000000080000000, 0x0000000100000000)
  region size 1024K, 18 young (18432K), 13 survivors (13312K)
 Metaspace       used 115340K, committed 117568K, reserved 1179648K
  class space    used 16190K, committed 17344K, reserved 1048576K
GC Heap History (20 events):
Event: 6.765 GC heap before
{Heap before GC invocations=20 (full 0):
 garbage-first heap   total 180224K, used 145408K [0x0000000080000000, 0x0000000100000000)
  region size 1024K, 57 young (58368K), 4 survivors (4096K)
 Metaspace       used 81241K, committed 83136K, reserved 1179648K
  class space    used 11134K, committed 12096K, reserved 1048576K
}
Event: 6.769 GC heap after
{Heap after GC invocations=21 (full 0):
 garbage-first heap   total 180224K, used 95232K [0x0000000080000000, 0x0000000100000000)
  region size 1024K, 7 young (7168K), 7 survivors (7168K)
 Metaspace       used 81241K, committed 83136K, reserved 1179648K
  class space    used 11134K, committed 12096K, reserved 1048576K
}
Event: 7.262 GC heap before
{Heap before GC invocations=22 (full 0):
 garbage-first heap   total 180224K, used 146432K [0x0000000080000000, 0x0000000100000000)
  region size 1024K, 58 young (59392K), 7 survivors (7168K)
 Metaspace       used 87556K, committed 89472K, reserved 1179648K
  class space    used 11919K, committed 12928K, reserved 1048576K
}
Event: 7.267 GC heap after
{Heap after GC invocations=23 (full 0):
 garbage-first heap   total 180224K, used 99563K [0x0000000080000000, 0x0000000100000000)
  region size 1024K, 8 young (8192K), 8 survivors (8192K)
 Metaspace       used 87556K, committed 89472K, reserved 1179648K
  class space    used 11919K, committed 12928K, reserved 1048576K
}
Event: 7.280 GC heap before
{Heap before GC invocations=23 (full 0):
 garbage-first heap   total 180224K, used 100587K [0x0000000080000000, 0x0000000100000000)
  region size 1024K, 9 young (9216K), 8 survivors (8192K)
 Metaspace       used 87631K, committed 89536K, reserved 1179648K
  class space    used 11931K, committed 12928K, reserved 1048576K
}
Event: 7.283 GC heap after
{Heap after GC invocations=24 (full 0):
 garbage-first heap   total 180224K, used 99846K [0x0000000080000000, 0x0000000100000000)
  region size 1024K, 2 young (2048K), 2 survivors (2048K)
 Metaspace       used 87631K, committed 89536K, reserved 1179648K
  class space    used 11931K, committed 12928K, reserved 1048576K
}
Event: 7.427 GC heap before
{Heap before GC invocations=24 (full 0):
 garbage-first heap   total 180224K, used 146950K [0x0000000080000000, 0x0000000100000000)
  region size 1024K, 49 young (50176K), 2 survivors (2048K)
 Metaspace       used 89438K, committed 91392K, reserved 1179648K
  class space    used 12160K, committed 13184K, reserved 1048576K
}
Event: 7.430 GC heap after
{Heap after GC invocations=25 (full 0):
 garbage-first heap   total 360448K, used 101598K [0x0000000080000000, 0x0000000100000000)
  region size 1024K, 3 young (3072K), 3 survivors (3072K)
 Metaspace       used 89438K, committed 91392K, reserved 1179648K
  class space    used 12160K, committed 13184K, reserved 1048576K
}
Event: 15.783 GC heap before
{Heap before GC invocations=26 (full 0):
 garbage-first heap   total 360448K, used 284894K [0x0000000080000000, 0x0000000100000000)
  region size 1024K, 181 young (185344K), 3 survivors (3072K)
 Metaspace       used 107488K, committed 109632K, reserved 1179648K
  class space    used 15244K, committed 16320K, reserved 1048576K
}
Event: 15.792 GC heap after
{Heap after GC invocations=27 (full 0):
 garbage-first heap   total 360448K, used 118562K [0x0000000080000000, 0x0000000100000000)
  region size 1024K, 20 young (20480K), 20 survivors (20480K)
 Metaspace       used 107488K, committed 109632K, reserved 1179648K
  class space    used 15244K, committed 16320K, reserved 1048576K
}
Event: 15.798 GC heap before
{Heap before GC invocations=27 (full 0):
 garbage-first heap   total 360448K, used 119586K [0x0000000080000000, 0x0000000100000000)
  region size 1024K, 21 young (21504K), 20 survivors (20480K)
 Metaspace       used 107503K, committed 109632K, reserved 1179648K
  class space    used 15246K, committed 16320K, reserved 1048576K
}
Event: 15.805 GC heap after
{Heap after GC invocations=28 (full 0):
 garbage-first heap   total 360448K, used 120781K [0x0000000080000000, 0x0000000100000000)
  region size 1024K, 3 young (3072K), 3 survivors (3072K)
 Metaspace       used 107503K, committed 109632K, reserved 1179648K
  class space    used 15246K, committed 16320K, reserved 1048576K
}
Event: 17.603 GC heap before
{Heap before GC invocations=28 (full 0):
 garbage-first heap   total 360448K, used 271309K [0x0000000080000000, 0x0000000100000000)
  region size 1024K, 149 young (152576K), 3 survivors (3072K)
 Metaspace       used 110713K, committed 112896K, reserved 1179648K
  class space    used 15745K, committed 16896K, reserved 1048576K
}
Event: 17.606 GC heap after
{Heap after GC invocations=29 (full 0):
 garbage-first heap   total 360448K, used 124230K [0x0000000080000000, 0x0000000100000000)
  region size 1024K, 6 young (6144K), 6 survivors (6144K)
 Metaspace       used 110713K, committed 112896K, reserved 1179648K
  class space    used 15745K, committed 16896K, reserved 1048576K
}
Event: 18.574 GC heap before
{Heap before GC invocations=29 (full 0):
 garbage-first heap   total 360448K, used 252230K [0x0000000080000000, 0x0000000100000000)
  region size 1024K, 107 young (109568K), 6 survivors (6144K)
 Metaspace       used 112771K, committed 114944K, reserved 1179648K
  class space    used 15996K, committed 17152K, reserved 1048576K
}
Event: 18.578 GC heap after
{Heap after GC invocations=30 (full 0):
 garbage-first heap   total 360448K, used 129243K [0x0000000080000000, 0x0000000100000000)
  region size 1024K, 7 young (7168K), 7 survivors (7168K)
 Metaspace       used 112771K, committed 114944K, reserved 1179648K
  class space    used 15996K, committed 17152K, reserved 1048576K
}
Event: 137.864 GC heap before
{Heap before GC invocations=30 (full 0):
 garbage-first heap   total 360448K, used 304347K [0x0000000080000000, 0x0000000100000000)
  region size 1024K, 164 young (167936K), 7 survivors (7168K)
 Metaspace       used 114960K, committed 117120K, reserved 1179648K
  class space    used 16159K, committed 17280K, reserved 1048576K
}
Event: 137.871 GC heap after
{Heap after GC invocations=31 (full 0):
 garbage-first heap   total 360448K, used 132877K [0x0000000080000000, 0x0000000100000000)
  region size 1024K, 15 young (15360K), 15 survivors (15360K)
 Metaspace       used 114960K, committed 117120K, reserved 1179648K
  class space    used 16159K, committed 17280K, reserved 1048576K
}
Event: 145.480 GC heap before
{Heap before GC invocations=31 (full 0):
 garbage-first heap   total 360448K, used 183053K [0x0000000080000000, 0x0000000100000000)
  region size 1024K, 50 young (51200K), 15 survivors (15360K)
 Metaspace       used 115330K, committed 117504K, reserved 1179648K
  class space    used 16198K, committed 17344K, reserved 1048576K
}
Event: 145.486 GC heap after
{Heap after GC invocations=32 (full 0):
 garbage-first heap   total 360448K, used 151211K [0x0000000080000000, 0x0000000100000000)
  region size 1024K, 13 young (13312K), 13 survivors (13312K)
 Metaspace       used 115330K, committed 117504K, reserved 1179648K
  class space    used 16198K, committed 17344K, reserved 1048576K
}

